[13:31:41] [main/INFO] (FabricLoader/GameProvider) Loading Minecraft 1.20.2 with Fabric Loader 0.14.22
[13:31:41] [main/DEBUG] (FabricLoader/GamePatch) Found game constructor: net.minecraft.client.main.Main -> net.minecraft.client.MinecraftClient
[13:31:41] [main/DEBUG] (FabricLoader/GamePatch) Patching game constructor <init>(Lnet/minecraft/client/RunArgs;)V
[13:31:41] [main/DEBUG] (FabricLoader/GamePatch) Run directory field is thought to be net/minecraft/client/MinecraftClient/runDirectory
[13:31:42] [main/DEBUG] (FabricLoader/GamePatch) Applying brand name hook to net/minecraft/client/ClientBrandRetriever::getClientModName
[13:31:42] [main/DEBUG] (FabricLoader/GamePatch) Applying brand name hook to net/minecraft/server/MinecraftServer::getServerModName
[13:31:42] [main/DEBUG] (FabricLoader/GamePatch) Patched 3 classs
[13:31:42] [main/DEBUG] (FabricLoader/Discovery) Mod discovery time: 59.1 ms
[13:31:42] [main/WARN] (FabricLoader/Resolution) Mod resolution failed
[13:31:42] [main/INFO] (FabricLoader/Resolution) Immediate reason: [HARD_DEP_NO_CANDIDATE nvidium 0.2.4-beta {depends embeddium @ [>=0.2.10-git.186f84e+mc1.20.1]}, ROOT_FORCELOAD_SINGLE nvidium 0.2.4-beta]
[13:31:42] [main/INFO] (FabricLoader/Resolution) Reason: [HARD_DEP nvidium 0.2.4-beta {depends embeddium @ [>=0.2.10-git.186f84e+mc1.20.1]}]
[13:31:42] [main/INFO] (FabricLoader/Resolution) Fix: add [add:embeddium 0.2.10-git.186f84e+mc1.20.1 ([[0.2.10-git.186f84e+mc1.20.1,∞)])], remove [], replace []
[13:31:42] [main/ERROR] (FabricLoader) Incompatible mod set!
net.fabricmc.loader.impl.FormattedException: Mod resolution encountered an incompatible mod set!
A potential solution has been determined:
	 - Install embeddium, version 0.2.10-git.186f84e+mc1.20.1 or later.
Unmet dependency listing:
	 - Mod 'Revidium' (nvidium) 0.2.4-beta requires version 0.2.10-git.186f84e+mc1.20.1 or later of embeddium, which is missing!
	at net.fabricmc.loader.impl.FormattedException.ofLocalized(FormattedException.java:51) ~[fabric-loader-0.14.22.jar:?]
	at net.fabricmc.loader.impl.FabricLoaderImpl.load(FabricLoaderImpl.java:192) ~[fabric-loader-0.14.22.jar:?]
	at net.fabricmc.loader.impl.launch.knot.Knot.init(Knot.java:148) ~[fabric-loader-0.14.22.jar:?]
	at net.fabricmc.loader.impl.launch.knot.Knot.launch(Knot.java:68) ~[fabric-loader-0.14.22.jar:?]
	at net.fabricmc.loader.impl.launch.knot.KnotClient.main(KnotClient.java:23) ~[fabric-loader-0.14.22.jar:?]
	at net.fabricmc.devlaunchinjector.Main.main(Main.java:86) ~[?:?]
